{"C:\\Users\\EIVNAOVUE\\Coding\\tuza\\client\\mocks\\fileMock.js": {"path":"C:\\Users\\EIVNAOVUE\\Coding\\tuza\\client\\mocks\\fileMock.js","statementMap":{},"fnMap":{},"branchMap":{},"s":{},"f":{},"b":{},"_coverageSchema":"1a1c01bbd47fc00a2c39e90264f33305004495a9","hash":"6a07b776925f6bc491e7cb7b9fe7a081b2368e36"}
,"C:\\Users\\EIVNAOVUE\\Coding\\tuza\\client\\src\\components\\Arrivals\\index.tsx": {"path":"C:\\Users\\EIVNAOVUE\\Coding\\tuza\\client\\src\\components\\Arrivals\\index.tsx","statementMap":{"0":{"start":{"line":1,"column":0},"end":{"line":1,"column":48}},"1":{"start":{"line":3,"column":0},"end":{"line":3,"column":52}},"2":{"start":{"line":4,"column":0},"end":{"line":4,"column":64}},"3":{"start":{"line":9,"column":5},"end":{"line":71,"column":1}},"4":{"start":{"line":10,"column":2},"end":{"line":70,"column":5}},"5":{"start":{"line":11,"column":4},"end":{"line":11,"column":null}},"6":{"start":{"line":46,"column":10},"end":{"line":55,"column":null}},"7":{"start":{"line":73,"column":0},"end":{"line":73,"column":24}}},"fnMap":{"0":{"name":"(anonymous_1)","decl":{"start":{"line":9,"column":5},"end":{"line":9,"column":6}},"loc":{"start":{"line":9,"column":30},"end":{"line":71,"column":1}}},"1":{"name":"(anonymous_2)","decl":{"start":{"line":10,"column":38},"end":{"line":10,"column":39}},"loc":{"start":{"line":11,"column":4},"end":{"line":11,"column":null}}},"2":{"name":"(anonymous_3)","decl":{"start":{"line":45,"column":22},"end":{"line":45,"column":23}},"loc":{"start":{"line":46,"column":10},"end":{"line":55,"column":null}}}},"branchMap":{},"s":{"0":1,"1":1,"2":1,"3":1,"4":2,"5":2,"6":4,"7":1},"f":{"0":2,"1":2,"2":4},"b":{}}
,"C:\\Users\\EIVNAOVUE\\Coding\\tuza\\client\\src\\components\\Line\\index.tsx": {"path":"C:\\Users\\EIVNAOVUE\\Coding\\tuza\\client\\src\\components\\Line\\index.tsx","statementMap":{"0":{"start":{"line":1,"column":0},"end":{"line":1,"column":48}},"1":{"start":{"line":2,"column":0},"end":{"line":2,"column":40}},"2":{"start":{"line":3,"column":0},"end":{"line":3,"column":62}},"3":{"start":{"line":4,"column":0},"end":{"line":4,"column":48}},"4":{"start":{"line":5,"column":0},"end":{"line":5,"column":50}},"5":{"start":{"line":6,"column":0},"end":{"line":6,"column":52}},"6":{"start":{"line":10,"column":33},"end":{"line":128,"column":1}},"7":{"start":{"line":18,"column":20},"end":{"line":18,"column":36}},"8":{"start":{"line":20,"column":28},"end":{"line":32,"column":3}},"9":{"start":{"line":21,"column":4},"end":{"line":23,"column":5}},"10":{"start":{"line":22,"column":6},"end":{"line":22,"column":49}},"11":{"start":{"line":25,"column":4},"end":{"line":27,"column":5}},"12":{"start":{"line":26,"column":6},"end":{"line":26,"column":48}},"13":{"start":{"line":29,"column":4},"end":{"line":31,"column":5}},"14":{"start":{"line":30,"column":6},"end":{"line":30,"column":55}},"15":{"start":{"line":34,"column":34},"end":{"line":34,"column":59}},"16":{"start":{"line":36,"column":34},"end":{"line":36,"column":52}},"17":{"start":{"line":38,"column":2},"end":{"line":127,"column":4}},"18":{"start":{"line":130,"column":0},"end":{"line":130,"column":20}}},"fnMap":{"0":{"name":"(anonymous_1)","decl":{"start":{"line":10,"column":33},"end":{"line":10,"column":34}},"loc":{"start":{"line":17,"column":5},"end":{"line":128,"column":1}}},"1":{"name":"(anonymous_2)","decl":{"start":{"line":20,"column":28},"end":{"line":20,"column":29}},"loc":{"start":{"line":20,"column":47},"end":{"line":32,"column":3}}}},"branchMap":{"0":{"loc":{"start":{"line":21,"column":4},"end":{"line":23,"column":5}},"type":"if","locations":[{"start":{"line":21,"column":4},"end":{"line":23,"column":5}}]},"1":{"loc":{"start":{"line":21,"column":8},"end":{"line":21,"column":63}},"type":"binary-expr","locations":[{"start":{"line":21,"column":8},"end":{"line":21,"column":34}},{"start":{"line":21,"column":38},"end":{"line":21,"column":63}}]},"2":{"loc":{"start":{"line":25,"column":4},"end":{"line":27,"column":5}},"type":"if","locations":[{"start":{"line":25,"column":4},"end":{"line":27,"column":5}}]},"3":{"loc":{"start":{"line":25,"column":8},"end":{"line":25,"column":97}},"type":"binary-expr","locations":[{"start":{"line":25,"column":8},"end":{"line":25,"column":36}},{"start":{"line":25,"column":40},"end":{"line":25,"column":68}},{"start":{"line":25,"column":72},"end":{"line":25,"column":97}}]},"4":{"loc":{"start":{"line":29,"column":4},"end":{"line":31,"column":5}},"type":"if","locations":[{"start":{"line":29,"column":4},"end":{"line":31,"column":5}}]},"5":{"loc":{"start":{"line":36,"column":34},"end":{"line":36,"column":52}},"type":"binary-expr","locations":[{"start":{"line":36,"column":34},"end":{"line":36,"column":42}},{"start":{"line":36,"column":46},"end":{"line":36,"column":52}}]},"6":{"loc":{"start":{"line":60,"column":16},"end":{"line":67,"column":18}},"type":"cond-expr","locations":[{"start":{"line":61,"column":16},"end":{"line":64,"column":null}},{"start":{"line":65,"column":16},"end":{"line":67,"column":18}}]},"7":{"loc":{"start":{"line":86,"column":9},"end":{"line":108,"column":null}},"type":"binary-expr","locations":[{"start":{"line":86,"column":9},"end":{"line":86,"column":17}},{"start":{"line":86,"column":21},"end":{"line":86,"column":27}},{"start":{"line":87,"column":10},"end":{"line":107,"column":null}}]},"8":{"loc":{"start":{"line":97,"column":18},"end":{"line":100,"column":16}},"type":"binary-expr","locations":[{"start":{"line":97,"column":18},"end":{"line":97,"column":42}},{"start":{"line":97,"column":46},"end":{"line":100,"column":16}}]},"9":{"loc":{"start":{"line":111,"column":9},"end":{"line":123,"column":null}},"type":"binary-expr","locations":[{"start":{"line":111,"column":9},"end":{"line":111,"column":32}},{"start":{"line":112,"column":10},"end":{"line":122,"column":null}}]}},"s":{"0":4,"1":4,"2":4,"3":4,"4":4,"5":4,"6":4,"7":14,"8":14,"9":14,"10":1,"11":13,"12":5,"13":8,"14":8,"15":14,"16":14,"17":14,"18":4},"f":{"0":14,"1":14},"b":{"0":[1],"1":[14,13],"2":[5],"3":[13,12,12],"4":[8],"5":[14,6],"6":[6,8],"7":[14,6,6],"8":[6,4],"9":[14,6]}}
,"C:\\Users\\EIVNAOVUE\\Coding\\tuza\\client\\src\\components\\LineList\\index.tsx": {"path":"C:\\Users\\EIVNAOVUE\\Coding\\tuza\\client\\src\\components\\LineList\\index.tsx","statementMap":{"0":{"start":{"line":1,"column":0},"end":{"line":1,"column":36}},"1":{"start":{"line":3,"column":0},"end":{"line":3,"column":27}},"2":{"start":{"line":5,"column":17},"end":{"line":23,"column":1}},"3":{"start":{"line":6,"column":2},"end":{"line":22,"column":4}},"4":{"start":{"line":19,"column":8},"end":{"line":19,"column":51}},"5":{"start":{"line":25,"column":0},"end":{"line":25,"column":24}}},"fnMap":{"0":{"name":"(anonymous_1)","decl":{"start":{"line":5,"column":17},"end":{"line":5,"column":18}},"loc":{"start":{"line":5,"column":56},"end":{"line":23,"column":1}}},"1":{"name":"(anonymous_2)","decl":{"start":{"line":18,"column":17},"end":{"line":18,"column":18}},"loc":{"start":{"line":19,"column":8},"end":{"line":19,"column":51}}}},"branchMap":{},"s":{"0":2,"1":2,"2":2,"3":6,"4":8,"5":2},"f":{"0":6,"1":8},"b":{}}
,"C:\\Users\\EIVNAOVUE\\Coding\\tuza\\client\\src\\components\\Navbar\\index.tsx": {"path":"C:\\Users\\EIVNAOVUE\\Coding\\tuza\\client\\src\\components\\Navbar\\index.tsx","statementMap":{"0":{"start":{"line":2,"column":0},"end":{"line":2,"column":42}},"1":{"start":{"line":3,"column":0},"end":{"line":3,"column":36}},"2":{"start":{"line":4,"column":0},"end":{"line":4,"column":44}},"3":{"start":{"line":5,"column":0},"end":{"line":5,"column":50}},"4":{"start":{"line":6,"column":0},"end":{"line":6,"column":48}},"5":{"start":{"line":7,"column":0},"end":{"line":7,"column":52}},"6":{"start":{"line":9,"column":25},"end":{"line":70,"column":1}},"7":{"start":{"line":10,"column":2},"end":{"line":69,"column":4}},"8":{"start":{"line":72,"column":0},"end":{"line":72,"column":22}}},"fnMap":{"0":{"name":"(anonymous_1)","decl":{"start":{"line":9,"column":25},"end":{"line":9,"column":28}},"loc":{"start":{"line":9,"column":30},"end":{"line":70,"column":1}}}},"branchMap":{},"s":{"0":1,"1":1,"2":1,"3":1,"4":1,"5":1,"6":1,"7":1,"8":1},"f":{"0":1},"b":{}}
,"C:\\Users\\EIVNAOVUE\\Coding\\tuza\\client\\src\\components\\Station\\index.tsx": {"path":"C:\\Users\\EIVNAOVUE\\Coding\\tuza\\client\\src\\components\\Station\\index.tsx","statementMap":{"0":{"start":{"line":1,"column":0},"end":{"line":1,"column":47}},"1":{"start":{"line":2,"column":0},"end":{"line":2,"column":40}},"2":{"start":{"line":5,"column":39},"end":{"line":13,"column":1}},"3":{"start":{"line":6,"column":2},"end":{"line":12,"column":4}},"4":{"start":{"line":15,"column":0},"end":{"line":15,"column":23}}},"fnMap":{"0":{"name":"(anonymous_0)","decl":{"start":{"line":5,"column":39},"end":{"line":5,"column":40}},"loc":{"start":{"line":5,"column":64},"end":{"line":13,"column":1}}}},"branchMap":{},"s":{"0":3,"1":3,"2":3,"3":15,"4":3},"f":{"0":15},"b":{}}
,"C:\\Users\\EIVNAOVUE\\Coding\\tuza\\client\\src\\components\\StationList\\index.tsx": {"path":"C:\\Users\\EIVNAOVUE\\Coding\\tuza\\client\\src\\components\\StationList\\index.tsx","statementMap":{"0":{"start":{"line":1,"column":0},"end":{"line":1,"column":36}},"1":{"start":{"line":2,"column":0},"end":{"line":2,"column":33}},"2":{"start":{"line":5,"column":20},"end":{"line":26,"column":1}},"3":{"start":{"line":6,"column":2},"end":{"line":25,"column":4}},"4":{"start":{"line":20,"column":8},"end":{"line":20,"column":null}},"5":{"start":{"line":28,"column":0},"end":{"line":28,"column":27}}},"fnMap":{"0":{"name":"(anonymous_1)","decl":{"start":{"line":5,"column":20},"end":{"line":5,"column":21}},"loc":{"start":{"line":5,"column":68},"end":{"line":26,"column":1}}},"1":{"name":"(anonymous_2)","decl":{"start":{"line":19,"column":20},"end":{"line":19,"column":21}},"loc":{"start":{"line":20,"column":8},"end":{"line":20,"column":null}}}},"branchMap":{},"s":{"0":2,"1":2,"2":2,"3":4,"4":12,"5":2},"f":{"0":4,"1":12},"b":{}}
,"C:\\Users\\EIVNAOVUE\\Coding\\tuza\\client\\src\\constants\\lineColors.ts": {"path":"C:\\Users\\EIVNAOVUE\\Coding\\tuza\\client\\src\\constants\\lineColors.ts","statementMap":{"0":{"start":{"line":3,"column":39},"end":{"line":17,"column":2}},"1":{"start":{"line":19,"column":0},"end":{"line":19,"column":26}}},"fnMap":{},"branchMap":{},"s":{"0":6,"1":6},"f":{},"b":{}}
,"C:\\Users\\EIVNAOVUE\\Coding\\tuza\\client\\src\\constants\\operationalLineStatuses.ts": {"path":"C:\\Users\\EIVNAOVUE\\Coding\\tuza\\client\\src\\constants\\operationalLineStatuses.ts","statementMap":{"0":{"start":{"line":3,"column":62},"end":{"line":8,"column":null}},"1":{"start":{"line":10,"column":0},"end":{"line":10,"column":39}}},"fnMap":{},"branchMap":{},"s":{"0":1,"1":1},"f":{},"b":{}}
,"C:\\Users\\EIVNAOVUE\\Coding\\tuza\\client\\src\\hooks\\useFetch.ts": {"path":"C:\\Users\\EIVNAOVUE\\Coding\\tuza\\client\\src\\hooks\\useFetch.ts","statementMap":{"0":{"start":{"line":1,"column":0},"end":{"line":1,"column":44}},"1":{"start":{"line":2,"column":0},"end":{"line":2,"column":45}},"2":{"start":{"line":5,"column":17},"end":{"line":36,"column":1}},"3":{"start":{"line":6,"column":26},"end":{"line":6,"column":50}},"4":{"start":{"line":7,"column":32},"end":{"line":7,"column":55}},"5":{"start":{"line":8,"column":28},"end":{"line":8,"column":56}},"6":{"start":{"line":10,"column":20},"end":{"line":24,"column":3}},"7":{"start":{"line":11,"column":4},"end":{"line":11,"column":21}},"8":{"start":{"line":12,"column":4},"end":{"line":12,"column":19}},"9":{"start":{"line":14,"column":4},"end":{"line":23,"column":5}},"10":{"start":{"line":15,"column":38},"end":{"line":15,"column":58}},"11":{"start":{"line":16,"column":6},"end":{"line":16,"column":29}},"12":{"start":{"line":18,"column":6},"end":{"line":18,"column":31}},"13":{"start":{"line":21,"column":6},"end":{"line":21,"column":63}},"14":{"start":{"line":21,"column":37},"end":{"line":21,"column":61}},"15":{"start":{"line":22,"column":6},"end":{"line":22,"column":24}},"16":{"start":{"line":26,"column":2},"end":{"line":29,"column":12}},"17":{"start":{"line":27,"column":4},"end":{"line":27,"column":16}},"18":{"start":{"line":31,"column":18},"end":{"line":33,"column":3}},"19":{"start":{"line":32,"column":4},"end":{"line":32,"column":16}},"20":{"start":{"line":35,"column":2},"end":{"line":35,"column":43}},"21":{"start":{"line":38,"column":0},"end":{"line":38,"column":24}}},"fnMap":{"0":{"name":"(anonymous_1)","decl":{"start":{"line":5,"column":17},"end":{"line":5,"column":22}},"loc":{"start":{"line":5,"column":61},"end":{"line":36,"column":1}}},"1":{"name":"(anonymous_2)","decl":{"start":{"line":10,"column":20},"end":{"line":10,"column":25}},"loc":{"start":{"line":10,"column":31},"end":{"line":24,"column":3}}},"2":{"name":"(anonymous_3)","decl":{"start":{"line":21,"column":24},"end":{"line":21,"column":25}},"loc":{"start":{"line":21,"column":37},"end":{"line":21,"column":61}}},"3":{"name":"(anonymous_4)","decl":{"start":{"line":26,"column":12},"end":{"line":26,"column":15}},"loc":{"start":{"line":26,"column":17},"end":{"line":29,"column":3}}},"4":{"name":"(anonymous_5)","decl":{"start":{"line":31,"column":18},"end":{"line":31,"column":21}},"loc":{"start":{"line":31,"column":23},"end":{"line":33,"column":3}}}},"branchMap":{},"s":{"0":2,"1":2,"2":2,"3":20,"4":20,"5":20,"6":20,"7":8,"8":8,"9":8,"10":8,"11":7,"12":1,"13":8,"14":8,"15":7,"16":20,"17":7,"18":20,"19":1,"20":20,"21":2},"f":{"0":20,"1":8,"2":8,"3":7,"4":1},"b":{}}
,"C:\\Users\\EIVNAOVUE\\Coding\\tuza\\client\\src\\pages\\Home\\index.tsx": {"path":"C:\\Users\\EIVNAOVUE\\Coding\\tuza\\client\\src\\pages\\Home\\index.tsx","statementMap":{"0":{"start":{"line":1,"column":0},"end":{"line":1,"column":52}},"1":{"start":{"line":2,"column":0},"end":{"line":2,"column":null}},"2":{"start":{"line":10,"column":0},"end":{"line":10,"column":52}},"3":{"start":{"line":11,"column":0},"end":{"line":11,"column":67}},"4":{"start":{"line":12,"column":0},"end":{"line":12,"column":49}},"5":{"start":{"line":15,"column":23},"end":{"line":91,"column":1}},"6":{"start":{"line":16,"column":60},"end":{"line":17,"column":null}},"7":{"start":{"line":21,"column":4},"end":{"line":21,"column":28}},"8":{"start":{"line":23,"column":38},"end":{"line":27,"column":3}},"9":{"start":{"line":26,"column":4},"end":{"line":26,"column":58}},"10":{"start":{"line":29,"column":30},"end":{"line":32,"column":3}},"11":{"start":{"line":30,"column":4},"end":{"line":30,"column":14}},"12":{"start":{"line":31,"column":4},"end":{"line":31,"column":43}},"13":{"start":{"line":34,"column":2},"end":{"line":74,"column":3}},"14":{"start":{"line":35,"column":4},"end":{"line":73,"column":6}},"15":{"start":{"line":76,"column":2},"end":{"line":90,"column":4}},"16":{"start":{"line":82,"column":8},"end":{"line":83,"column":null}},"17":{"start":{"line":93,"column":0},"end":{"line":93,"column":20}}},"fnMap":{"0":{"name":"(anonymous_1)","decl":{"start":{"line":15,"column":23},"end":{"line":15,"column":26}},"loc":{"start":{"line":15,"column":28},"end":{"line":91,"column":1}}},"1":{"name":"(anonymous_2)","decl":{"start":{"line":23,"column":38},"end":{"line":23,"column":null}},"loc":{"start":{"line":25,"column":6},"end":{"line":27,"column":3}}},"2":{"name":"(anonymous_3)","decl":{"start":{"line":29,"column":30},"end":{"line":29,"column":33}},"loc":{"start":{"line":29,"column":35},"end":{"line":32,"column":3}}},"3":{"name":"(anonymous_4)","decl":{"start":{"line":81,"column":30},"end":{"line":81,"column":31}},"loc":{"start":{"line":82,"column":8},"end":{"line":83,"column":null}}}},"branchMap":{"0":{"loc":{"start":{"line":34,"column":2},"end":{"line":74,"column":3}},"type":"if","locations":[{"start":{"line":34,"column":2},"end":{"line":74,"column":3}}]},"1":{"loc":{"start":{"line":45,"column":11},"end":{"line":57,"column":null}},"type":"cond-expr","locations":[{"start":{"line":46,"column":12},"end":{"line":54,"column":null}},{"start":{"line":57,"column":12},"end":{"line":57,"column":54}}]},"2":{"loc":{"start":{"line":70,"column":17},"end":{"line":70,"column":76}},"type":"cond-expr","locations":[{"start":{"line":70,"column":48},"end":{"line":70,"column":53}},{"start":{"line":70,"column":56},"end":{"line":70,"column":76}}]},"3":{"loc":{"start":{"line":86,"column":18},"end":{"line":86,"column":38}},"type":"cond-expr","locations":[{"start":{"line":86,"column":30},"end":{"line":86,"column":32}},{"start":{"line":86,"column":35},"end":{"line":86,"column":38}}]}},"s":{"0":1,"1":1,"2":1,"3":1,"4":1,"5":1,"6":5,"7":5,"8":5,"9":1,"10":5,"11":1,"12":1,"13":5,"14":4,"15":1,"16":6,"17":1},"f":{"0":5,"1":1,"2":1,"3":6},"b":{"0":[4],"1":[2,2],"2":[1,3],"3":[1,5]}}
,"C:\\Users\\EIVNAOVUE\\Coding\\tuza\\client\\src\\pages\\Line\\index.tsx": {"path":"C:\\Users\\EIVNAOVUE\\Coding\\tuza\\client\\src\\pages\\Line\\index.tsx","statementMap":{"0":{"start":{"line":1,"column":0},"end":{"line":1,"column":null}},"1":{"start":{"line":7,"column":0},"end":{"line":7,"column":64}},"2":{"start":{"line":8,"column":0},"end":{"line":8,"column":41}},"3":{"start":{"line":9,"column":0},"end":{"line":9,"column":44}},"4":{"start":{"line":10,"column":0},"end":{"line":10,"column":44}},"5":{"start":{"line":11,"column":0},"end":{"line":11,"column":55}},"6":{"start":{"line":12,"column":0},"end":{"line":12,"column":54}},"7":{"start":{"line":13,"column":0},"end":{"line":13,"column":52}},"8":{"start":{"line":14,"column":0},"end":{"line":14,"column":67}},"9":{"start":{"line":21,"column":0},"end":{"line":21,"column":52}},"10":{"start":{"line":22,"column":0},"end":{"line":22,"column":58}},"11":{"start":{"line":24,"column":27},"end":{"line":116,"column":1}},"12":{"start":{"line":25,"column":17},"end":{"line":25,"column":44}},"13":{"start":{"line":27,"column":19},"end":{"line":27,"column":32}},"14":{"start":{"line":29,"column":48},"end":{"line":30,"column":null}},"15":{"start":{"line":33,"column":37},"end":{"line":33,"column":52}},"16":{"start":{"line":39,"column":31},"end":{"line":40,"column":null}},"17":{"start":{"line":43,"column":2},"end":{"line":46,"column":3}},"18":{"start":{"line":44,"column":4},"end":{"line":44,"column":null}},"19":{"start":{"line":45,"column":4},"end":{"line":45,"column":24}},"20":{"start":{"line":48,"column":36},"end":{"line":60,"column":45}},"21":{"start":{"line":49,"column":4},"end":{"line":57,"column":5}},"22":{"start":{"line":50,"column":29},"end":{"line":51,"column":null}},"23":{"start":{"line":51,"column":8},"end":{"line":51,"column":40}},"24":{"start":{"line":54,"column":29},"end":{"line":54,"column":57}},"25":{"start":{"line":56,"column":6},"end":{"line":56,"column":28}},"26":{"start":{"line":59,"column":4},"end":{"line":59,"column":14}},"27":{"start":{"line":62,"column":2},"end":{"line":115,"column":4}},"28":{"start":{"line":107,"column":14},"end":{"line":107,"column":null}},"29":{"start":{"line":118,"column":0},"end":{"line":118,"column":24}}},"fnMap":{"0":{"name":"(anonymous_1)","decl":{"start":{"line":24,"column":27},"end":{"line":24,"column":30}},"loc":{"start":{"line":24,"column":32},"end":{"line":116,"column":1}}},"1":{"name":"(anonymous_2)","decl":{"start":{"line":48,"column":44},"end":{"line":48,"column":47}},"loc":{"start":{"line":48,"column":49},"end":{"line":60,"column":3}}},"2":{"name":"(anonymous_3)","decl":{"start":{"line":50,"column":45},"end":{"line":50,"column":46}},"loc":{"start":{"line":51,"column":8},"end":{"line":51,"column":40}}},"3":{"name":"(anonymous_4)","decl":{"start":{"line":106,"column":38},"end":{"line":106,"column":39}},"loc":{"start":{"line":107,"column":14},"end":{"line":107,"column":null}}}},"branchMap":{"0":{"loc":{"start":{"line":43,"column":2},"end":{"line":46,"column":3}},"type":"if","locations":[{"start":{"line":43,"column":2},"end":{"line":46,"column":3}}]},"1":{"loc":{"start":{"line":49,"column":4},"end":{"line":57,"column":5}},"type":"if","locations":[{"start":{"line":49,"column":4},"end":{"line":57,"column":5}}]},"2":{"loc":{"start":{"line":49,"column":8},"end":{"line":49,"column":44}},"type":"binary-expr","locations":[{"start":{"line":49,"column":8},"end":{"line":49,"column":29}},{"start":{"line":49,"column":33},"end":{"line":49,"column":44}}]},"3":{"loc":{"start":{"line":51,"column":31},"end":{"line":51,"column":39}},"type":"binary-expr","locations":[{"start":{"line":51,"column":31},"end":{"line":51,"column":33}},{"start":{"line":51,"column":37},"end":{"line":51,"column":39}}]},"4":{"loc":{"start":{"line":86,"column":9},"end":{"line":86,"column":35}},"type":"binary-expr","locations":[{"start":{"line":86,"column":9},"end":{"line":86,"column":13}},{"start":{"line":86,"column":17},"end":{"line":86,"column":35}}]},"5":{"loc":{"start":{"line":87,"column":9},"end":{"line":88,"column":null}},"type":"binary-expr","locations":[{"start":{"line":87,"column":9},"end":{"line":87,"column":20}},{"start":{"line":88,"column":10},"end":{"line":88,"column":104}}]},"6":{"loc":{"start":{"line":103,"column":9},"end":{"line":103,"column":69}},"type":"binary-expr","locations":[{"start":{"line":103,"column":9},"end":{"line":103,"column":30}},{"start":{"line":103,"column":34},"end":{"line":103,"column":69}}]},"7":{"loc":{"start":{"line":104,"column":10},"end":{"line":111,"column":null}},"type":"binary-expr","locations":[{"start":{"line":104,"column":10},"end":{"line":104,"column":30}},{"start":{"line":105,"column":10},"end":{"line":110,"column":null}}]}},"s":{"0":1,"1":1,"2":1,"3":1,"4":1,"5":1,"6":1,"7":1,"8":1,"9":1,"10":1,"11":1,"12":9,"13":9,"14":9,"15":9,"16":9,"17":9,"18":0,"19":0,"20":9,"21":9,"22":1,"23":3,"24":1,"25":1,"26":8,"27":9,"28":160,"29":1},"f":{"0":9,"1":9,"2":3,"3":160},"b":{"0":[0],"1":[1],"2":[9,1],"3":[3,3],"4":[9,2],"5":[9,2],"6":[9,1],"7":[9,8]}}
,"C:\\Users\\EIVNAOVUE\\Coding\\tuza\\client\\src\\pages\\NotFound\\index.tsx": {"path":"C:\\Users\\EIVNAOVUE\\Coding\\tuza\\client\\src\\pages\\NotFound\\index.tsx","statementMap":{"0":{"start":{"line":2,"column":0},"end":{"line":2,"column":56}},"1":{"start":{"line":3,"column":0},"end":{"line":3,"column":55}},"2":{"start":{"line":4,"column":0},"end":{"line":4,"column":40}},"3":{"start":{"line":6,"column":27},"end":{"line":42,"column":1}},"4":{"start":{"line":7,"column":2},"end":{"line":41,"column":4}},"5":{"start":{"line":44,"column":0},"end":{"line":44,"column":24}}},"fnMap":{"0":{"name":"(anonymous_1)","decl":{"start":{"line":6,"column":27},"end":{"line":6,"column":30}},"loc":{"start":{"line":6,"column":32},"end":{"line":42,"column":1}}}},"branchMap":{},"s":{"0":1,"1":1,"2":1,"3":1,"4":3,"5":1},"f":{"0":3},"b":{}}
,"C:\\Users\\EIVNAOVUE\\Coding\\tuza\\client\\src\\providers\\LineProvider\\LineContext.tsx": {"path":"C:\\Users\\EIVNAOVUE\\Coding\\tuza\\client\\src\\providers\\LineProvider\\LineContext.tsx","statementMap":{"0":{"start":{"line":1,"column":0},"end":{"line":1,"column":47}},"1":{"start":{"line":4,"column":46},"end":{"line":4,"column":80}},"2":{"start":{"line":6,"column":0},"end":{"line":6,"column":27}}},"fnMap":{},"branchMap":{},"s":{"0":2,"1":2,"2":2},"f":{},"b":{}}
,"C:\\Users\\EIVNAOVUE\\Coding\\tuza\\client\\src\\utils\\arrivalMapper.ts": {"path":"C:\\Users\\EIVNAOVUE\\Coding\\tuza\\client\\src\\utils\\arrivalMapper.ts","statementMap":{"0":{"start":{"line":4,"column":22},"end":{"line":11,"column":2}},"1":{"start":{"line":4,"column":62},"end":{"line":11,"column":2}},"2":{"start":{"line":13,"column":0},"end":{"line":13,"column":29}}},"fnMap":{"0":{"name":"(anonymous_0)","decl":{"start":{"line":4,"column":22},"end":{"line":4,"column":23}},"loc":{"start":{"line":4,"column":62},"end":{"line":11,"column":2}}}},"branchMap":{},"s":{"0":1,"1":1,"2":1},"f":{"0":1},"b":{}}
,"C:\\Users\\EIVNAOVUE\\Coding\\tuza\\client\\src\\utils\\calculateCountdown.ts": {"path":"C:\\Users\\EIVNAOVUE\\Coding\\tuza\\client\\src\\utils\\calculateCountdown.ts","statementMap":{"0":{"start":{"line":1,"column":27},"end":{"line":23,"column":1}},"1":{"start":{"line":2,"column":21},"end":{"line":2,"column":35}},"2":{"start":{"line":4,"column":2},"end":{"line":6,"column":3}},"3":{"start":{"line":5,"column":4},"end":{"line":5,"column":43}},"4":{"start":{"line":8,"column":18},"end":{"line":8,"column":28}},"5":{"start":{"line":10,"column":18},"end":{"line":10,"column":79}},"6":{"start":{"line":11,"column":18},"end":{"line":11,"column":42}},"7":{"start":{"line":12,"column":16},"end":{"line":12,"column":40}},"8":{"start":{"line":13,"column":15},"end":{"line":13,"column":37}},"9":{"start":{"line":15,"column":25},"end":{"line":15,"column":42}},"10":{"start":{"line":16,"column":27},"end":{"line":16,"column":73}},"11":{"start":{"line":18,"column":2},"end":{"line":20,"column":3}},"12":{"start":{"line":19,"column":4},"end":{"line":19,"column":17}},"13":{"start":{"line":22,"column":2},"end":{"line":22,"column":35}},"14":{"start":{"line":25,"column":0},"end":{"line":25,"column":34}}},"fnMap":{"0":{"name":"(anonymous_0)","decl":{"start":{"line":1,"column":27},"end":{"line":1,"column":28}},"loc":{"start":{"line":1,"column":52},"end":{"line":23,"column":1}}}},"branchMap":{"0":{"loc":{"start":{"line":4,"column":2},"end":{"line":6,"column":3}},"type":"if","locations":[{"start":{"line":4,"column":2},"end":{"line":6,"column":3}}]},"1":{"loc":{"start":{"line":18,"column":2},"end":{"line":20,"column":3}},"type":"if","locations":[{"start":{"line":18,"column":2},"end":{"line":20,"column":3}}]}},"s":{"0":2,"1":8,"2":8,"3":1,"4":7,"5":7,"6":7,"7":7,"8":7,"9":7,"10":7,"11":7,"12":1,"13":6,"14":2},"f":{"0":8},"b":{"0":[1],"1":[1]}}
,"C:\\Users\\EIVNAOVUE\\Coding\\tuza\\client\\src\\utils\\filterOperationalLines.ts": {"path":"C:\\Users\\EIVNAOVUE\\Coding\\tuza\\client\\src\\utils\\filterOperationalLines.ts","statementMap":{"0":{"start":{"line":1,"column":0},"end":{"line":1,"column":75}},"1":{"start":{"line":4,"column":31},"end":{"line":6,"column":1}},"2":{"start":{"line":5,"column":2},"end":{"line":5,"column":79}},"3":{"start":{"line":5,"column":32},"end":{"line":5,"column":77}},"4":{"start":{"line":8,"column":0},"end":{"line":8,"column":null}}},"fnMap":{"0":{"name":"(anonymous_1)","decl":{"start":{"line":4,"column":31},"end":{"line":4,"column":32}},"loc":{"start":{"line":4,"column":69},"end":{"line":6,"column":1}}},"1":{"name":"(anonymous_2)","decl":{"start":{"line":5,"column":22},"end":{"line":5,"column":23}},"loc":{"start":{"line":5,"column":32},"end":{"line":5,"column":77}}}},"branchMap":{},"s":{"0":1,"1":1,"2":4,"3":12,"4":1},"f":{"0":4,"1":12},"b":{}}
,"C:\\Users\\EIVNAOVUE\\Coding\\tuza\\client\\src\\utils\\groupDataByProperty.ts": {"path":"C:\\Users\\EIVNAOVUE\\Coding\\tuza\\client\\src\\utils\\groupDataByProperty.ts","statementMap":{"0":{"start":{"line":2,"column":28},"end":{"line":10,"column":8}},"1":{"start":{"line":3,"column":2},"end":{"line":10,"column":8}},"2":{"start":{"line":4,"column":18},"end":{"line":4,"column":32}},"3":{"start":{"line":5,"column":4},"end":{"line":8,"column":5}},"4":{"start":{"line":6,"column":6},"end":{"line":6,"column":42}},"5":{"start":{"line":7,"column":6},"end":{"line":7,"column":31}},"6":{"start":{"line":9,"column":4},"end":{"line":9,"column":18}},"7":{"start":{"line":12,"column":0},"end":{"line":12,"column":35}}},"fnMap":{"0":{"name":"(anonymous_0)","decl":{"start":{"line":2,"column":28},"end":{"line":2,"column":29}},"loc":{"start":{"line":3,"column":2},"end":{"line":10,"column":8}}},"1":{"name":"(anonymous_1)","decl":{"start":{"line":3,"column":14},"end":{"line":3,"column":15}},"loc":{"start":{"line":3,"column":31},"end":{"line":10,"column":3}}}},"branchMap":{"0":{"loc":{"start":{"line":5,"column":4},"end":{"line":8,"column":5}},"type":"if","locations":[{"start":{"line":5,"column":4},"end":{"line":8,"column":5}}]},"1":{"loc":{"start":{"line":6,"column":22},"end":{"line":6,"column":41}},"type":"binary-expr","locations":[{"start":{"line":6,"column":22},"end":{"line":6,"column":35}},{"start":{"line":6,"column":39},"end":{"line":6,"column":41}}]}},"s":{"0":1,"1":3,"2":8,"3":8,"4":7,"5":7,"6":8,"7":1},"f":{"0":3,"1":8},"b":{"0":[7],"1":[7,5]}}
,"C:\\Users\\EIVNAOVUE\\Coding\\tuza\\client\\src\\utils\\lineMapper.ts": {"path":"C:\\Users\\EIVNAOVUE\\Coding\\tuza\\client\\src\\utils\\lineMapper.ts","statementMap":{"0":{"start":{"line":3,"column":19},"end":{"line":23,"column":1}},"1":{"start":{"line":8,"column":6},"end":{"line":8,"column":10}},"2":{"start":{"line":10,"column":27},"end":{"line":10,"column":53}},"3":{"start":{"line":12,"column":2},"end":{"line":22,"column":4}},"4":{"start":{"line":25,"column":0},"end":{"line":25,"column":26}}},"fnMap":{"0":{"name":"(anonymous_0)","decl":{"start":{"line":3,"column":19},"end":{"line":3,"column":20}},"loc":{"start":{"line":3,"column":52},"end":{"line":23,"column":1}}}},"branchMap":{"0":{"loc":{"start":{"line":18,"column":8},"end":{"line":21,"column":6}},"type":"binary-expr","locations":[{"start":{"line":18,"column":8},"end":{"line":18,"column":24}},{"start":{"line":18,"column":28},"end":{"line":21,"column":6}}]}},"s":{"0":2,"1":7,"2":7,"3":7,"4":2},"f":{"0":7},"b":{"0":[7,1]}}
,"C:\\Users\\EIVNAOVUE\\Coding\\tuza\\client\\src\\utils\\mapLineColor.ts": {"path":"C:\\Users\\EIVNAOVUE\\Coding\\tuza\\client\\src\\utils\\mapLineColor.ts","statementMap":{"0":{"start":{"line":1,"column":0},"end":{"line":1,"column":49}},"1":{"start":{"line":3,"column":21},"end":{"line":6,"column":1}},"2":{"start":{"line":4,"column":20},"end":{"line":4,"column":65}},"3":{"start":{"line":4,"column":46},"end":{"line":4,"column":64}},"4":{"start":{"line":5,"column":2},"end":{"line":5,"column":49}},"5":{"start":{"line":8,"column":0},"end":{"line":8,"column":28}}},"fnMap":{"0":{"name":"(anonymous_1)","decl":{"start":{"line":3,"column":21},"end":{"line":3,"column":22}},"loc":{"start":{"line":3,"column":52},"end":{"line":6,"column":1}}},"1":{"name":"(anonymous_2)","decl":{"start":{"line":4,"column":36},"end":{"line":4,"column":37}},"loc":{"start":{"line":4,"column":46},"end":{"line":4,"column":64}}}},"branchMap":{"0":{"loc":{"start":{"line":5,"column":9},"end":{"line":5,"column":48}},"type":"cond-expr","locations":[{"start":{"line":5,"column":21},"end":{"line":5,"column":36}},{"start":{"line":5,"column":39},"end":{"line":5,"column":48}}]}},"s":{"0":6,"1":6,"2":29,"3":286,"4":29,"5":6},"f":{"0":29,"1":286},"b":{"0":[13,16]}}
,"C:\\Users\\EIVNAOVUE\\Coding\\tuza\\client\\src\\utils\\sortArrivals.ts": {"path":"C:\\Users\\EIVNAOVUE\\Coding\\tuza\\client\\src\\utils\\sortArrivals.ts","statementMap":{"0":{"start":{"line":3,"column":21},"end":{"line":9,"column":1}},"1":{"start":{"line":4,"column":2},"end":{"line":8,"column":4}},"2":{"start":{"line":6,"column":6},"end":{"line":7,"column":43}},"3":{"start":{"line":11,"column":0},"end":{"line":11,"column":28}}},"fnMap":{"0":{"name":"(anonymous_0)","decl":{"start":{"line":3,"column":21},"end":{"line":3,"column":22}},"loc":{"start":{"line":3,"column":51},"end":{"line":9,"column":1}}},"1":{"name":"(anonymous_1)","decl":{"start":{"line":5,"column":4},"end":{"line":5,"column":5}},"loc":{"start":{"line":6,"column":6},"end":{"line":7,"column":43}}}},"branchMap":{},"s":{"0":1,"1":4,"2":10,"3":1},"f":{"0":4,"1":10},"b":{}}
,"C:\\Users\\EIVNAOVUE\\Coding\\tuza\\client\\src\\utils\\sortLines.ts": {"path":"C:\\Users\\EIVNAOVUE\\Coding\\tuza\\client\\src\\utils\\sortLines.ts","statementMap":{"0":{"start":{"line":3,"column":18},"end":{"line":5,"column":1}},"1":{"start":{"line":4,"column":2},"end":{"line":4,"column":67}},"2":{"start":{"line":4,"column":30},"end":{"line":4,"column":65}},"3":{"start":{"line":7,"column":0},"end":{"line":7,"column":25}}},"fnMap":{"0":{"name":"(anonymous_0)","decl":{"start":{"line":3,"column":18},"end":{"line":3,"column":19}},"loc":{"start":{"line":3,"column":56},"end":{"line":5,"column":1}}},"1":{"name":"(anonymous_1)","decl":{"start":{"line":4,"column":20},"end":{"line":4,"column":21}},"loc":{"start":{"line":4,"column":30},"end":{"line":4,"column":65}}}},"branchMap":{},"s":{"0":1,"1":4,"2":14,"3":1},"f":{"0":4,"1":14},"b":{}}
,"C:\\Users\\EIVNAOVUE\\Coding\\tuza\\client\\src\\utils\\sortStations.ts": {"path":"C:\\Users\\EIVNAOVUE\\Coding\\tuza\\client\\src\\utils\\sortStations.ts","statementMap":{"0":{"start":{"line":3,"column":21},"end":{"line":5,"column":1}},"1":{"start":{"line":4,"column":2},"end":{"line":4,"column":63}},"2":{"start":{"line":4,"column":33},"end":{"line":4,"column":61}},"3":{"start":{"line":7,"column":0},"end":{"line":7,"column":28}}},"fnMap":{"0":{"name":"(anonymous_0)","decl":{"start":{"line":3,"column":21},"end":{"line":3,"column":22}},"loc":{"start":{"line":3,"column":51},"end":{"line":5,"column":1}}},"1":{"name":"(anonymous_1)","decl":{"start":{"line":4,"column":23},"end":{"line":4,"column":24}},"loc":{"start":{"line":4,"column":33},"end":{"line":4,"column":61}}}},"branchMap":{},"s":{"0":2,"1":3,"2":6,"3":2},"f":{"0":3,"1":6},"b":{}}
,"C:\\Users\\EIVNAOVUE\\Coding\\tuza\\client\\src\\utils\\stationMapper.ts": {"path":"C:\\Users\\EIVNAOVUE\\Coding\\tuza\\client\\src\\utils\\stationMapper.ts","statementMap":{"0":{"start":{"line":3,"column":22},"end":{"line":29,"column":1}},"1":{"start":{"line":7,"column":36},"end":{"line":16,"column":4}},"2":{"start":{"line":18,"column":20},"end":{"line":18,"column":38}},"3":{"start":{"line":20,"column":2},"end":{"line":22,"column":5}},"4":{"start":{"line":21,"column":4},"end":{"line":21,"column":49}},"5":{"start":{"line":24,"column":2},"end":{"line":28,"column":4}},"6":{"start":{"line":31,"column":0},"end":{"line":31,"column":29}}},"fnMap":{"0":{"name":"(anonymous_0)","decl":{"start":{"line":3,"column":22},"end":{"line":3,"column":null}},"loc":{"start":{"line":6,"column":17},"end":{"line":29,"column":1}}},"1":{"name":"(anonymous_1)","decl":{"start":{"line":20,"column":26},"end":{"line":20,"column":27}},"loc":{"start":{"line":20,"column":36},"end":{"line":22,"column":3}}}},"branchMap":{},"s":{"0":2,"1":6,"2":6,"3":6,"4":48,"5":6,"6":2},"f":{"0":6,"1":48},"b":{}}
}
