TN:
SF:mocks\fileMock.js
FNF:0
FNH:0
LF:0
LH:0
BRF:0
BRH:0
end_of_record
TN:
SF:src\components\Arrivals\index.tsx
FN:9,(anonymous_1)
FN:10,(anonymous_2)
FN:45,(anonymous_3)
FNF:3
FNH:3
FNDA:2,(anonymous_1)
FNDA:2,(anonymous_2)
FNDA:4,(anonymous_3)
DA:1,1
DA:3,1
DA:4,1
DA:9,1
DA:10,2
DA:11,2
DA:46,4
DA:73,1
LF:8
LH:8
BRF:0
BRH:0
end_of_record
TN:
SF:src\components\Line\index.tsx
FN:10,(anonymous_1)
FN:20,(anonymous_2)
FNF:2
FNH:2
FNDA:14,(anonymous_1)
FNDA:14,(anonymous_2)
DA:1,4
DA:2,4
DA:3,4
DA:4,4
DA:5,4
DA:6,4
DA:10,4
DA:18,14
DA:20,14
DA:21,14
DA:22,1
DA:25,13
DA:26,5
DA:29,8
DA:30,8
DA:34,14
DA:36,14
DA:38,14
DA:130,4
LF:19
LH:19
BRDA:21,0,0,1
BRDA:21,1,0,14
BRDA:21,1,1,13
BRDA:25,2,0,5
BRDA:25,3,0,13
BRDA:25,3,1,12
BRDA:25,3,2,12
BRDA:29,4,0,8
BRDA:36,5,0,14
BRDA:36,5,1,6
BRDA:60,6,0,6
BRDA:60,6,1,8
BRDA:86,7,0,14
BRDA:86,7,1,6
BRDA:86,7,2,6
BRDA:97,8,0,6
BRDA:97,8,1,4
BRDA:111,9,0,14
BRDA:111,9,1,6
BRF:19
BRH:19
end_of_record
TN:
SF:src\components\LineList\index.tsx
FN:5,(anonymous_1)
FN:18,(anonymous_2)
FNF:2
FNH:2
FNDA:6,(anonymous_1)
FNDA:8,(anonymous_2)
DA:1,2
DA:3,2
DA:5,2
DA:6,6
DA:19,8
DA:25,2
LF:6
LH:6
BRF:0
BRH:0
end_of_record
TN:
SF:src\components\Navbar\index.tsx
FN:9,(anonymous_1)
FNF:1
FNH:1
FNDA:1,(anonymous_1)
DA:2,1
DA:3,1
DA:4,1
DA:5,1
DA:6,1
DA:7,1
DA:9,1
DA:10,1
DA:72,1
LF:9
LH:9
BRF:0
BRH:0
end_of_record
TN:
SF:src\components\Station\index.tsx
FN:5,(anonymous_0)
FNF:1
FNH:1
FNDA:15,(anonymous_0)
DA:1,3
DA:2,3
DA:5,3
DA:6,15
DA:15,3
LF:5
LH:5
BRF:0
BRH:0
end_of_record
TN:
SF:src\components\StationList\index.tsx
FN:5,(anonymous_1)
FN:19,(anonymous_2)
FNF:2
FNH:2
FNDA:4,(anonymous_1)
FNDA:12,(anonymous_2)
DA:1,2
DA:2,2
DA:5,2
DA:6,4
DA:20,12
DA:28,2
LF:6
LH:6
BRF:0
BRH:0
end_of_record
TN:
SF:src\constants\lineColors.ts
FNF:0
FNH:0
DA:3,6
DA:19,6
LF:2
LH:2
BRF:0
BRH:0
end_of_record
TN:
SF:src\constants\operationalLineStatuses.ts
FNF:0
FNH:0
DA:3,1
DA:10,1
LF:2
LH:2
BRF:0
BRH:0
end_of_record
TN:
SF:src\hooks\useFetch.ts
FN:5,(anonymous_1)
FN:10,(anonymous_2)
FN:21,(anonymous_3)
FN:26,(anonymous_4)
FN:31,(anonymous_5)
FNF:5
FNH:5
FNDA:20,(anonymous_1)
FNDA:8,(anonymous_2)
FNDA:8,(anonymous_3)
FNDA:7,(anonymous_4)
FNDA:1,(anonymous_5)
DA:1,2
DA:2,2
DA:5,2
DA:6,20
DA:7,20
DA:8,20
DA:10,20
DA:11,8
DA:12,8
DA:14,8
DA:15,8
DA:16,7
DA:18,1
DA:21,8
DA:22,7
DA:26,20
DA:27,7
DA:31,20
DA:32,1
DA:35,20
DA:38,2
LF:21
LH:21
BRF:0
BRH:0
end_of_record
TN:
SF:src\pages\Home\index.tsx
FN:15,(anonymous_1)
FN:23,(anonymous_2)
FN:29,(anonymous_3)
FN:81,(anonymous_4)
FNF:4
FNH:4
FNDA:5,(anonymous_1)
FNDA:1,(anonymous_2)
FNDA:1,(anonymous_3)
FNDA:6,(anonymous_4)
DA:1,1
DA:2,1
DA:10,1
DA:11,1
DA:12,1
DA:15,1
DA:16,5
DA:21,5
DA:23,5
DA:26,1
DA:29,5
DA:30,1
DA:31,1
DA:34,5
DA:35,4
DA:76,1
DA:82,6
DA:93,1
LF:18
LH:18
BRDA:34,0,0,4
BRDA:45,1,0,2
BRDA:45,1,1,2
BRDA:70,2,0,1
BRDA:70,2,1,3
BRDA:86,3,0,1
BRDA:86,3,1,5
BRF:7
BRH:7
end_of_record
TN:
SF:src\pages\Line\index.tsx
FN:24,(anonymous_1)
FN:48,(anonymous_2)
FN:50,(anonymous_3)
FN:106,(anonymous_4)
FNF:4
FNH:4
FNDA:9,(anonymous_1)
FNDA:9,(anonymous_2)
FNDA:3,(anonymous_3)
FNDA:160,(anonymous_4)
DA:1,1
DA:7,1
DA:8,1
DA:9,1
DA:10,1
DA:11,1
DA:12,1
DA:13,1
DA:14,1
DA:21,1
DA:22,1
DA:24,1
DA:25,9
DA:27,9
DA:29,9
DA:33,9
DA:39,9
DA:43,9
DA:44,0
DA:45,0
DA:48,9
DA:49,9
DA:50,1
DA:51,3
DA:54,1
DA:56,1
DA:59,8
DA:62,9
DA:107,160
DA:118,1
LF:30
LH:28
BRDA:43,0,0,0
BRDA:49,1,0,1
BRDA:49,2,0,9
BRDA:49,2,1,1
BRDA:51,3,0,3
BRDA:51,3,1,3
BRDA:86,4,0,9
BRDA:86,4,1,2
BRDA:87,5,0,9
BRDA:87,5,1,2
BRDA:103,6,0,9
BRDA:103,6,1,1
BRDA:104,7,0,9
BRDA:104,7,1,8
BRF:14
BRH:13
end_of_record
TN:
SF:src\pages\NotFound\index.tsx
FN:6,(anonymous_1)
FNF:1
FNH:1
FNDA:3,(anonymous_1)
DA:2,1
DA:3,1
DA:4,1
DA:6,1
DA:7,3
DA:44,1
LF:6
LH:6
BRF:0
BRH:0
end_of_record
TN:
SF:src\providers\LineProvider\LineContext.tsx
FNF:0
FNH:0
DA:1,2
DA:4,2
DA:6,2
LF:3
LH:3
BRF:0
BRH:0
end_of_record
TN:
SF:src\utils\arrivalMapper.ts
FN:4,(anonymous_0)
FNF:1
FNH:1
FNDA:1,(anonymous_0)
DA:4,1
DA:13,1
LF:2
LH:2
BRF:0
BRH:0
end_of_record
TN:
SF:src\utils\calculateCountdown.ts
FN:1,(anonymous_0)
FNF:1
FNH:1
FNDA:8,(anonymous_0)
DA:1,2
DA:2,8
DA:4,8
DA:5,1
DA:8,7
DA:10,7
DA:11,7
DA:12,7
DA:13,7
DA:15,7
DA:16,7
DA:18,7
DA:19,1
DA:22,6
DA:25,2
LF:15
LH:15
BRDA:4,0,0,1
BRDA:18,1,0,1
BRF:2
BRH:2
end_of_record
TN:
SF:src\utils\filterOperationalLines.ts
FN:4,(anonymous_1)
FN:5,(anonymous_2)
FNF:2
FNH:2
FNDA:4,(anonymous_1)
FNDA:12,(anonymous_2)
DA:1,1
DA:4,1
DA:5,12
DA:8,1
LF:4
LH:4
BRF:0
BRH:0
end_of_record
TN:
SF:src\utils\groupDataByProperty.ts
FN:2,(anonymous_0)
FN:3,(anonymous_1)
FNF:2
FNH:2
FNDA:3,(anonymous_0)
FNDA:8,(anonymous_1)
DA:2,1
DA:3,3
DA:4,8
DA:5,8
DA:6,7
DA:7,7
DA:9,8
DA:12,1
LF:8
LH:8
BRDA:5,0,0,7
BRDA:6,1,0,7
BRDA:6,1,1,5
BRF:3
BRH:3
end_of_record
TN:
SF:src\utils\lineMapper.ts
FN:3,(anonymous_0)
FNF:1
FNH:1
FNDA:7,(anonymous_0)
DA:3,2
DA:8,7
DA:10,7
DA:12,7
DA:25,2
LF:5
LH:5
BRDA:18,0,0,7
BRDA:18,0,1,1
BRF:2
BRH:2
end_of_record
TN:
SF:src\utils\mapLineColor.ts
FN:3,(anonymous_1)
FN:4,(anonymous_2)
FNF:2
FNH:2
FNDA:29,(anonymous_1)
FNDA:286,(anonymous_2)
DA:1,6
DA:3,6
DA:4,286
DA:5,29
DA:8,6
LF:5
LH:5
BRDA:5,0,0,13
BRDA:5,0,1,16
BRF:2
BRH:2
end_of_record
TN:
SF:src\utils\sortArrivals.ts
FN:3,(anonymous_0)
FN:5,(anonymous_1)
FNF:2
FNH:2
FNDA:4,(anonymous_0)
FNDA:10,(anonymous_1)
DA:3,1
DA:4,4
DA:6,10
DA:11,1
LF:4
LH:4
BRF:0
BRH:0
end_of_record
TN:
SF:src\utils\sortLines.ts
FN:3,(anonymous_0)
FN:4,(anonymous_1)
FNF:2
FNH:2
FNDA:4,(anonymous_0)
FNDA:14,(anonymous_1)
DA:3,1
DA:4,14
DA:7,1
LF:3
LH:3
BRF:0
BRH:0
end_of_record
TN:
SF:src\utils\sortStations.ts
FN:3,(anonymous_0)
FN:4,(anonymous_1)
FNF:2
FNH:2
FNDA:3,(anonymous_0)
FNDA:6,(anonymous_1)
DA:3,2
DA:4,6
DA:7,2
LF:3
LH:3
BRF:0
BRH:0
end_of_record
TN:
SF:src\utils\stationMapper.ts
FN:3,(anonymous_0)
FN:20,(anonymous_1)
FNF:2
FNH:2
FNDA:6,(anonymous_0)
FNDA:48,(anonymous_1)
DA:3,2
DA:7,6
DA:18,6
DA:20,6
DA:21,48
DA:24,6
DA:31,2
LF:7
LH:7
BRF:0
BRH:0
end_of_record
